Using pre-set license
Built from '2020.3/staging' branch; Version is '2020.3.25f1 (9b9180224418) revision 10195328'; Using compiler version '192528614'; Build Type 'Release'
OS: 'Windows 10  (10.0.19042) 64bit Core' Language: 'ru' Physical Memory: 16314 MB
BatchMode: 1, IsHumanControllingUs: 0, StartBugReporterOnCrash: 0, Is64bit: 1, IsPro: 0

COMMAND LINE ARGUMENTS:
C:\Program Files\Unity\Hub\Editor\2020.3.25f1\Editor\Unity.exe
-adb2
-batchMode
-noUpm
-name
AssetImportWorker0
-projectPath
C:/Users/rasmu/Documents/GitHub/Snake-vs-block-clone/Snake vs block clone
-logFile
Logs/AssetImportWorker0.log
-srvPort
50907
Successfully changed project path to: C:/Users/rasmu/Documents/GitHub/Snake-vs-block-clone/Snake vs block clone
C:/Users/rasmu/Documents/GitHub/Snake-vs-block-clone/Snake vs block clone
Using Asset Import Pipeline V2.
Refreshing native plugins compatible for Editor in 68.27 ms, found 2 plugins.
Preloading 0 native plugins for Editor in 0.00 ms.
Initialize engine version: 2020.3.25f1 (9b9180224418)
[Subsystems] Discovering subsystems at path C:/Program Files/Unity/Hub/Editor/2020.3.25f1/Editor/Data/Resources/UnitySubsystems
[Subsystems] Discovering subsystems at path C:/Users/rasmu/Documents/GitHub/Snake-vs-block-clone/Snake vs block clone/Assets
GfxDevice: creating device client; threaded=0
Direct3D:
    Version:  Direct3D 11.0 [level 11.1]
    Renderer: NVIDIA GeForce RTX 2070 SUPER (ID=0x1e84)
    Vendor:   
    VRAM:     8011 MB
    Driver:   30.0.14.9649
Initialize mono
Mono path[0] = 'C:/Program Files/Unity/Hub/Editor/2020.3.25f1/Editor/Data/Managed'
Mono path[1] = 'C:/Program Files/Unity/Hub/Editor/2020.3.25f1/Editor/Data/MonoBleedingEdge/lib/mono/unityjit'
Mono config path = 'C:/Program Files/Unity/Hub/Editor/2020.3.25f1/Editor/Data/MonoBleedingEdge/etc'
Using monoOptions --debugger-agent=transport=dt_socket,embedding=1,server=y,suspend=n,address=127.0.0.1:56800
Begin MonoManager ReloadAssembly
Registering precompiled unity dll's ...
Register platform support module: C:/Program Files/Unity/Hub/Editor/2020.3.25f1/Editor/Data/PlaybackEngines/WindowsStandaloneSupport/UnityEditor.WindowsStandalone.Extensions.dll
Registered in 0.002906 seconds.
Native extension for WindowsStandalone target not found
Refreshing native plugins compatible for Editor in 62.93 ms, found 2 plugins.
Preloading 0 native plugins for Editor in 0.00 ms.
Mono: successfully reloaded assembly
- Completed reload, in  0.739 seconds
Domain Reload Profiling:
	ReloadAssembly (739ms)
		BeginReloadAssembly (101ms)
			ExecutionOrderSort (0ms)
			DisableScriptedObjects (0ms)
			BackupInstance (0ms)
			ReleaseScriptingObjects (0ms)
			CreateAndSetChildDomain (1ms)
		EndReloadAssembly (539ms)
			LoadAssemblies (99ms)
			RebuildTransferFunctionScriptingTraits (0ms)
			SetupTypeCache (181ms)
			ReleaseScriptCaches (0ms)
			RebuildScriptCaches (30ms)
			SetupLoadedEditorAssemblies (202ms)
				LogAssemblyErrors (0ms)
				InitializePlatformSupportModulesInManaged (4ms)
				SetLoadedEditorAssemblies (0ms)
				RefreshPlugins (63ms)
				BeforeProcessingInitializeOnLoad (17ms)
				ProcessInitializeOnLoadAttributes (87ms)
				ProcessInitializeOnLoadMethodAttributes (30ms)
				AfterProcessingInitializeOnLoad (0ms)
				EditorAssembliesLoaded (0ms)
			ExecutionOrderSort2 (0ms)
			AwakeInstancesAfterBackupRestoration (0ms)
Platform modules already initialized, skipping
Registering precompiled user dll's ...
Registered in 0.007957 seconds.
Begin MonoManager ReloadAssembly
Native extension for WindowsStandalone target not found
Refreshing native plugins compatible for Editor in 64.35 ms, found 2 plugins.
Preloading 0 native plugins for Editor in 0.00 ms.
Mono: successfully reloaded assembly
- Completed reload, in  1.369 seconds
Domain Reload Profiling:
	ReloadAssembly (1370ms)
		BeginReloadAssembly (177ms)
			ExecutionOrderSort (0ms)
			DisableScriptedObjects (5ms)
			BackupInstance (0ms)
			ReleaseScriptingObjects (0ms)
			CreateAndSetChildDomain (18ms)
		EndReloadAssembly (1119ms)
			LoadAssemblies (145ms)
			RebuildTransferFunctionScriptingTraits (0ms)
			SetupTypeCache (388ms)
			ReleaseScriptCaches (1ms)
			RebuildScriptCaches (57ms)
			SetupLoadedEditorAssemblies (417ms)
				LogAssemblyErrors (0ms)
				InitializePlatformSupportModulesInManaged (4ms)
				SetLoadedEditorAssemblies (0ms)
				RefreshPlugins (64ms)
				BeforeProcessingInitializeOnLoad (105ms)
				ProcessInitializeOnLoadAttributes (223ms)
				ProcessInitializeOnLoadMethodAttributes (11ms)
				AfterProcessingInitializeOnLoad (9ms)
				EditorAssembliesLoaded (0ms)
			ExecutionOrderSort2 (0ms)
			AwakeInstancesAfterBackupRestoration (7ms)
Platform modules already initialized, skipping
========================================================================
Worker process is ready to serve import requests
Launched and connected shader compiler UnityShaderCompiler.exe after 0.08 seconds
Refreshing native plugins compatible for Editor in 0.59 ms, found 2 plugins.
Preloading 0 native plugins for Editor in 0.00 ms.
Unloading 3181 Unused Serialized files (Serialized files now loaded: 0)
System memory in use before: 155.2 MB.
System memory in use after: 155.3 MB.

Unloading 21 unused Assets to reduce memory usage. Loaded Objects now: 3628.
Total: 3.910400 ms (FindLiveObjects: 0.261200 ms CreateObjectMapping: 0.074500 ms MarkObjects: 3.444800 ms  DeleteObjects: 0.128100 ms)

AssetImportParameters requested are different than current active one (requested -> active):
  custom:framework-win-MediaFoundation: 216162199b28c13a410421893ffa2e32 -> 
  custom:video-decoder-ogg-theora: a1e56fd34408186e4bbccfd4996cb3dc -> 
  custom:container-muxer-webm: aa71ff27fc2769a1b78a27578f13a17b -> 
  custom:container-demuxer-webm: 4f35f7cbe854078d1ac9338744f61a02 -> 
  custom:container-demuxer-ogg: 62fdf1f143b41e24485cea50d1cbac27 -> 
  custom:video-encoder-webm-vp8: eb34c28f22e8b96e1ab97ce403110664 -> 
  custom:video-decoder-webm-vp8: 9c59270c3fd7afecdb556c50c9e8de78 -> 
  custom:audio-decoder-ogg-vorbis: bf7c407c2cedff20999df2af8eb42d56 -> 
  custom:audio-encoder-webm-vorbis: bf7c407c2cedff20999df2af8eb42d56 -> 
========================================================================
Received Import Request.
  path: Assets/Shaders/BadCube.shadergraph
  artifactKey: Guid(3a84d0a3e4ae817408ba8d3cf98d8821) Importer(815301076,1909f56bfc062723c751e8b465ee728b)
Start importing Assets/Shaders/BadCube.shadergraph using Guid(3a84d0a3e4ae817408ba8d3cf98d8821) Importer(815301076,1909f56bfc062723c751e8b465ee728b)  -> (artifact id: 'aea28d90cad7fe87d82ad19b0b8ad2c3') in 0.040776 seconds 
  Import took 0.045829 seconds .

========================================================================
Received Import Request.
  Time since last request: 469.787763 seconds.
  path: Assets/Shaders/BadCube.shadergraph
  artifactKey: Guid(3a84d0a3e4ae817408ba8d3cf98d8821) Importer(815301076,1909f56bfc062723c751e8b465ee728b)
Start importing Assets/Shaders/BadCube.shadergraph using Guid(3a84d0a3e4ae817408ba8d3cf98d8821) Importer(815301076,1909f56bfc062723c751e8b465ee728b)  -> (artifact id: '8a8c84f96f3a810df9bdae2ae3176e84') in 0.006055 seconds 
  Import took 0.011232 seconds .

========================================================================
Received Import Request.
  Time since last request: 18.411549 seconds.
  path: Assets/Shaders/BadCube.shadergraph
  artifactKey: Guid(3a84d0a3e4ae817408ba8d3cf98d8821) Importer(815301076,1909f56bfc062723c751e8b465ee728b)
Start importing Assets/Shaders/BadCube.shadergraph using Guid(3a84d0a3e4ae817408ba8d3cf98d8821) Importer(815301076,1909f56bfc062723c751e8b465ee728b)  -> (artifact id: 'd6027f6c0499892996a1f0456254ca04') in 0.005913 seconds 
  Import took 0.011784 seconds .

========================================================================
Received Import Request.
  Time since last request: 15.373461 seconds.
  path: Assets/Materials/Plane.mat
  artifactKey: Guid(24d31e5ce409c1648a15362ca9f61454) Importer(815301076,1909f56bfc062723c751e8b465ee728b)
Start importing Assets/Materials/Plane.mat using Guid(24d31e5ce409c1648a15362ca9f61454) Importer(815301076,1909f56bfc062723c751e8b465ee728b)  -> (artifact id: '25442b2447beb8c7e72ff36ecf07199b') in 0.205967 seconds 
  Import took 0.210847 seconds .

========================================================================
Received Import Request.
  Time since last request: 0.000210 seconds.
  path: Assets/Materials/PlayerBalls.mat
  artifactKey: Guid(994ec1f2bd8bf7c498cacdf897aacd80) Importer(815301076,1909f56bfc062723c751e8b465ee728b)
Start importing Assets/Materials/PlayerBalls.mat using Guid(994ec1f2bd8bf7c498cacdf897aacd80) Importer(815301076,1909f56bfc062723c751e8b465ee728b)  -> (artifact id: 'b4b488a37afb5014ad98eea92c768df8') in 0.016665 seconds 
  Import took 0.021480 seconds .

========================================================================
Received Import Request.
  Time since last request: 9.947637 seconds.
  path: Assets/Materials/BadCube.mat
  artifactKey: Guid(86ff2f2b9fdd1214885d742a4bbca27a) Importer(815301076,1909f56bfc062723c751e8b465ee728b)
Start importing Assets/Materials/BadCube.mat using Guid(86ff2f2b9fdd1214885d742a4bbca27a) Importer(815301076,1909f56bfc062723c751e8b465ee728b)  -> (artifact id: 'd6aa73ee9586ebd01e21d2fc44146834') in 0.013206 seconds 
  Import took 0.017951 seconds .

AssetImportWorkerClient::OnTransportError - code=2 error=End of file
